<?xml version="1.0" encoding="UTF-8"?>
<!-- Generated by org.testng.reporters.JUnitXMLReporter -->
<testsuite ignored="0" hostname="DESKTOP-N6ANS52" failures="0" tests="4" name="Default test" time="32.432" errors="0" timestamp="12 Apr 2019 13:51:19 GMT">
  <testcase classname="timeClockFeature.TestInputNotePositionAndBreak" name="testAddNote" time="4.851"/>
  <testcase classname="timeClockFeature.TestInputNotePositionAndBreak" name="testSetPosition" time="3.426"/>
  <testcase classname="timeClockFeature.TestInputNotePositionAndBreak" name="testCancelSettingPosition" time="2.196"/>
  <testcase classname="timeClockFeature.TestInputNotePositionAndBreak" name="testAddBrake" time="3.887"/>
</testsuite> <!-- Default test -->
